mode: set
github.com/mehix/kuberes/internal/aggr/aggregator.go:19.69,23.2 1 1
github.com/mehix/kuberes/internal/aggr/aggregator.go:25.53,28.16 3 1
github.com/mehix/kuberes/internal/aggr/aggregator.go:28.16,30.3 1 0
github.com/mehix/kuberes/internal/aggr/aggregator.go:32.2,35.26 3 1
github.com/mehix/kuberes/internal/aggr/aggregator.go:35.26,37.89 2 1
github.com/mehix/kuberes/internal/aggr/aggregator.go:37.89,39.4 1 0
github.com/mehix/kuberes/internal/aggr/aggregator.go:39.9,41.4 1 1
github.com/mehix/kuberes/internal/aggr/aggregator.go:44.2,47.12 3 1
github.com/mehix/kuberes/internal/aggr/aggregator.go:50.82,57.17 4 1
github.com/mehix/kuberes/internal/aggr/aggregator.go:57.17,58.31 1 1
github.com/mehix/kuberes/internal/aggr/aggregator.go:58.31,59.20 1 1
github.com/mehix/kuberes/internal/aggr/aggregator.go:59.20,61.5 1 1
github.com/mehix/kuberes/internal/aggr/aggregator.go:63.3,63.29 1 1
github.com/mehix/kuberes/internal/aggr/aggregator.go:66.2,68.17 2 1
