mode: set
github.com/mehix/kuberes/internal/aggr/aggregator.go:18.93,23.2 1 1
github.com/mehix/kuberes/internal/aggr/aggregator.go:25.75,28.16 2 1
github.com/mehix/kuberes/internal/aggr/aggregator.go:28.16,30.3 1 0
github.com/mehix/kuberes/internal/aggr/aggregator.go:32.2,34.12 2 1
github.com/mehix/kuberes/internal/aggr/aggregator.go:37.80,40.16 2 1
github.com/mehix/kuberes/internal/aggr/aggregator.go:40.16,42.3 1 0
github.com/mehix/kuberes/internal/aggr/aggregator.go:44.2,47.28 3 1
github.com/mehix/kuberes/internal/aggr/aggregator.go:47.28,49.3 1 1
github.com/mehix/kuberes/internal/aggr/aggregator.go:51.2,51.24 1 1
github.com/mehix/kuberes/internal/aggr/aggregator.go:54.64,57.16 3 1
github.com/mehix/kuberes/internal/aggr/aggregator.go:57.16,59.3 1 0
github.com/mehix/kuberes/internal/aggr/aggregator.go:61.2,64.26 3 1
github.com/mehix/kuberes/internal/aggr/aggregator.go:64.26,66.89 2 1
github.com/mehix/kuberes/internal/aggr/aggregator.go:66.89,68.4 1 0
github.com/mehix/kuberes/internal/aggr/aggregator.go:68.9,70.4 1 1
github.com/mehix/kuberes/internal/aggr/aggregator.go:73.2,73.24 1 1
github.com/mehix/kuberes/internal/aggr/print.go:14.47,16.25 1 1
github.com/mehix/kuberes/internal/aggr/print.go:16.25,18.18 1 1
github.com/mehix/kuberes/internal/aggr/print.go:18.18,19.12 1 1
github.com/mehix/kuberes/internal/aggr/print.go:22.3,22.40 1 1
github.com/mehix/kuberes/internal/aggr/print.go:25.2,25.8 1 1
github.com/mehix/kuberes/internal/aggr/print.go:28.64,37.26 5 1
github.com/mehix/kuberes/internal/aggr/print.go:37.26,39.24 1 1
github.com/mehix/kuberes/internal/aggr/print.go:39.24,41.4 1 1
github.com/mehix/kuberes/internal/aggr/print.go:42.3,42.21 1 1
github.com/mehix/kuberes/internal/aggr/print.go:45.2,45.17 1 1
